c:\users\lenny\documents\visual studio 2015\projects\chess\chess\x64\debug\vc140.pdb
c:\users\lenny\documents\visual studio 2015\projects\chess\chess\x64\debug\square.obj
c:\users\lenny\documents\visual studio 2015\projects\chess\chess\x64\debug\source.obj
c:\users\lenny\documents\visual studio 2015\projects\chess\chess\x64\debug\queen.obj
c:\users\lenny\documents\visual studio 2015\projects\chess\chess\x64\debug\piece.obj
c:\users\lenny\documents\visual studio 2015\projects\chess\chess\x64\debug\helper.obj
c:\users\lenny\documents\visual studio 2015\projects\chess\chess\x64\debug\chessboard.obj
c:\users\lenny\documents\visual studio 2015\projects\chess\chess\x64\debug\bishop.obj
c:\users\lenny\documents\visual studio 2015\projects\chess\chess\x64\debug\.netframework,version=v4.5.2.assemblyattributes.obj
c:\users\lenny\documents\visual studio 2015\projects\chess\chess\x64\debug\.netframework,version=v4.5.2.assemblyattributes.asm
c:\users\lenny\documents\visual studio 2015\projects\chess\chess\x64\debug\rook.obj
c:\users\lenny\documents\visual studio 2015\projects\chess\chess\x64\debug\position.obj
c:\users\lenny\documents\visual studio 2015\projects\chess\chess\x64\debug\statemanager.obj
c:\users\lenny\documents\visual studio 2015\projects\chess\x64\debug\chess.exe
c:\users\lenny\documents\visual studio 2015\projects\chess\x64\debug\chess.pdb
c:\users\lenny\documents\visual studio 2015\projects\chess\chess\x64\debug\chess.vcxprojresolveassemblyreference.cache
c:\users\lenny\documents\visual studio 2015\projects\chess\chess\x64\debug\chess.tlog\cl.command.1.tlog
c:\users\lenny\documents\visual studio 2015\projects\chess\chess\x64\debug\chess.tlog\cl.read.1.tlog
c:\users\lenny\documents\visual studio 2015\projects\chess\chess\x64\debug\chess.tlog\cl.write.1.tlog
c:\users\lenny\documents\visual studio 2015\projects\chess\chess\x64\debug\chess.tlog\link.command.1.tlog
c:\users\lenny\documents\visual studio 2015\projects\chess\chess\x64\debug\chess.tlog\link.read.1.tlog
c:\users\lenny\documents\visual studio 2015\projects\chess\chess\x64\debug\chess.tlog\link.write.1.tlog
c:\users\lenny\documents\visual studio 2015\projects\chess\chess\x64\debug\chess.tlog\metagen.read.1.tlog
c:\users\lenny\documents\visual studio 2015\projects\chess\chess\x64\debug\chess.tlog\metagen.write.1.tlog
c:\users\lenny\documents\visual studio 2015\projects\chess\chess\x64\debug\chess.tlog\tzres.dll.bi
