  Bishop.cpp
c:\users\lenny\documents\visual studio 2015\projects\chess\chess\Board.h(7): error C3646: 'squares': unknown override specifier
c:\users\lenny\documents\visual studio 2015\projects\chess\chess\Board.h(7): error C2143: syntax error: missing ',' before '['
c:\users\lenny\documents\visual studio 2015\projects\chess\chess\Board.h(7): error C4430: missing type specifier - int assumed. Note: C++ does not support default-int
c:\users\lenny\documents\visual studio 2015\projects\chess\chess\Board.h(9): error C2143: syntax error: missing ')' before ';'
c:\users\lenny\documents\visual studio 2015\projects\chess\chess\Board.h(9): error C2143: syntax error: missing ';' before ')'
c:\users\lenny\documents\visual studio 2015\projects\chess\chess\Board.h(9): error C2059: syntax error: ')'
c:\users\lenny\documents\visual studio 2015\projects\chess\chess\Helper.h(11): error C2143: syntax error: missing ';' before '*'
c:\users\lenny\documents\visual studio 2015\projects\chess\chess\Helper.h(11): error C4430: missing type specifier - int assumed. Note: C++ does not support default-int
c:\users\lenny\documents\visual studio 2015\projects\chess\chess\Helper.h(11): error C2334: unexpected token(s) preceding '{'; skipping apparent function body
  BlackPlayer.cpp
c:\users\lenny\documents\visual studio 2015\projects\chess\chess\Board.h(7): error C3646: 'squares': unknown override specifier
c:\users\lenny\documents\visual studio 2015\projects\chess\chess\Board.h(7): error C2143: syntax error: missing ',' before '['
c:\users\lenny\documents\visual studio 2015\projects\chess\chess\Board.h(7): error C4430: missing type specifier - int assumed. Note: C++ does not support default-int
c:\users\lenny\documents\visual studio 2015\projects\chess\chess\Board.h(9): error C2143: syntax error: missing ')' before ';'
c:\users\lenny\documents\visual studio 2015\projects\chess\chess\Board.h(9): error C2143: syntax error: missing ';' before ')'
c:\users\lenny\documents\visual studio 2015\projects\chess\chess\Board.h(9): error C2059: syntax error: ')'
c:\users\lenny\documents\visual studio 2015\projects\chess\chess\Helper.h(11): error C2143: syntax error: missing ';' before '*'
c:\users\lenny\documents\visual studio 2015\projects\chess\chess\Helper.h(11): error C4430: missing type specifier - int assumed. Note: C++ does not support default-int
c:\users\lenny\documents\visual studio 2015\projects\chess\chess\Helper.h(11): error C2334: unexpected token(s) preceding '{'; skipping apparent function body
  Board.cpp
c:\users\lenny\documents\visual studio 2015\projects\chess\chess\Board.h(7): error C3646: 'squares': unknown override specifier
c:\users\lenny\documents\visual studio 2015\projects\chess\chess\Board.h(7): error C2143: syntax error: missing ',' before '['
c:\users\lenny\documents\visual studio 2015\projects\chess\chess\Board.h(7): error C4430: missing type specifier - int assumed. Note: C++ does not support default-int
c:\users\lenny\documents\visual studio 2015\projects\chess\chess\Board.h(9): error C2143: syntax error: missing ')' before ';'
c:\users\lenny\documents\visual studio 2015\projects\chess\chess\Board.h(9): error C2143: syntax error: missing ';' before ')'
c:\users\lenny\documents\visual studio 2015\projects\chess\chess\Board.h(9): error C2059: syntax error: ')'
  Chessboard.cpp
c:\users\lenny\documents\visual studio 2015\projects\chess\chess\Board.h(7): error C3646: 'squares': unknown override specifier
c:\users\lenny\documents\visual studio 2015\projects\chess\chess\Board.h(7): error C2143: syntax error: missing ',' before '['
c:\users\lenny\documents\visual studio 2015\projects\chess\chess\Board.h(7): error C4430: missing type specifier - int assumed. Note: C++ does not support default-int
c:\users\lenny\documents\visual studio 2015\projects\chess\chess\Board.h(9): error C2143: syntax error: missing ')' before ';'
c:\users\lenny\documents\visual studio 2015\projects\chess\chess\Board.h(9): error C2143: syntax error: missing ';' before ')'
c:\users\lenny\documents\visual studio 2015\projects\chess\chess\Board.h(9): error C2059: syntax error: ')'
c:\users\lenny\documents\visual studio 2015\projects\chess\chess\Helper.h(11): error C2143: syntax error: missing ';' before '*'
c:\users\lenny\documents\visual studio 2015\projects\chess\chess\Helper.h(11): error C4430: missing type specifier - int assumed. Note: C++ does not support default-int
c:\users\lenny\documents\visual studio 2015\projects\chess\chess\Helper.h(11): error C2334: unexpected token(s) preceding '{'; skipping apparent function body
Chessboard.cpp(15): error C2039: 'squares': is not a member of 'Board'
  c:\users\lenny\documents\visual studio 2015\projects\chess\chess\Board.h(3): note: see declaration of 'Board'
Chessboard.cpp(15): error C2228: left of '.setPositionwithCoordinate' must have class/struct/union
Chessboard.cpp(16): error C2039: 'squares': is not a member of 'Board'
  c:\users\lenny\documents\visual studio 2015\projects\chess\chess\Board.h(3): note: see declaration of 'Board'
Chessboard.cpp(16): error C2228: left of '.setDefaultColour' must have class/struct/union
Chessboard.cpp(17): error C2039: 'squares': is not a member of 'Board'
  c:\users\lenny\documents\visual studio 2015\projects\chess\chess\Board.h(3): note: see declaration of 'Board'
Chessboard.cpp(17): error C2228: left of '.setPosition' must have class/struct/union
Chessboard.cpp(17): warning C4244: 'argument': conversion from 'int' to 'float', possible loss of data
Chessboard.cpp(25): error C2039: 'squares': is not a member of 'Board'
  c:\users\lenny\documents\visual studio 2015\projects\chess\chess\Board.h(3): note: see declaration of 'Board'
Chessboard.cpp(25): error C2228: left of '.setPiece' must have class/struct/union
Chessboard.cpp(26): error C2039: 'squares': is not a member of 'Board'
  c:\users\lenny\documents\visual studio 2015\projects\chess\chess\Board.h(3): note: see declaration of 'Board'
Chessboard.cpp(26): error C2228: left of '.setPiece' must have class/struct/union
Chessboard.cpp(27): error C2039: 'squares': is not a member of 'Board'
  c:\users\lenny\documents\visual studio 2015\projects\chess\chess\Board.h(3): note: see declaration of 'Board'
Chessboard.cpp(27): error C2228: left of '.setPiece' must have class/struct/union
Chessboard.cpp(28): error C2039: 'squares': is not a member of 'Board'
  c:\users\lenny\documents\visual studio 2015\projects\chess\chess\Board.h(3): note: see declaration of 'Board'
Chessboard.cpp(28): error C2228: left of '.setPiece' must have class/struct/union
Chessboard.cpp(29): error C2039: 'squares': is not a member of 'Board'
  c:\users\lenny\documents\visual studio 2015\projects\chess\chess\Board.h(3): note: see declaration of 'Board'
Chessboard.cpp(29): error C2228: left of '.setPiece' must have class/struct/union
Chessboard.cpp(30): error C2039: 'squares': is not a member of 'Board'
  c:\users\lenny\documents\visual studio 2015\projects\chess\chess\Board.h(3): note: see declaration of 'Board'
Chessboard.cpp(30): error C2228: left of '.setPiece' must have class/struct/union
Chessboard.cpp(31): error C2039: 'squares': is not a member of 'Board'
  c:\users\lenny\documents\visual studio 2015\projects\chess\chess\Board.h(3): note: see declaration of 'Board'
Chessboard.cpp(31): error C2228: left of '.setPiece' must have class/struct/union
Chessboard.cpp(32): error C2039: 'squares': is not a member of 'Board'
  c:\users\lenny\documents\visual studio 2015\projects\chess\chess\Board.h(3): note: see declaration of 'Board'
Chessboard.cpp(32): error C2228: left of '.setPiece' must have class/struct/union
Chessboard.cpp(34): error C2039: 'squares': is not a member of 'Board'
  c:\users\lenny\documents\visual studio 2015\projects\chess\chess\Board.h(3): note: see declaration of 'Board'
Chessboard.cpp(34): error C2228: left of '.setPiece' must have class/struct/union
Chessboard.cpp(35): error C2039: 'squares': is not a member of 'Board'
  c:\users\lenny\documents\visual studio 2015\projects\chess\chess\Board.h(3): note: see declaration of 'Board'
Chessboard.cpp(35): error C2228: left of '.setPiece' must have class/struct/union
Chessboard.cpp(36): error C2039: 'squares': is not a member of 'Board'
  c:\users\lenny\documents\visual studio 2015\projects\chess\chess\Board.h(3): note: see declaration of 'Board'
Chessboard.cpp(36): error C2228: left of '.setPiece' must have class/struct/union
Chessboard.cpp(37): error C2039: 'squares': is not a member of 'Board'
  c:\users\lenny\documents\visual studio 2015\projects\chess\chess\Board.h(3): note: see declaration of 'Board'
Chessboard.cpp(37): error C2228: left of '.setPiece' must have class/struct/union
Chessboard.cpp(38): error C2039: 'squares': is not a member of 'Board'
  c:\users\lenny\documents\visual studio 2015\projects\chess\chess\Board.h(3): note: see declaration of 'Board'
Chessboard.cpp(38): error C2228: left of '.setPiece' must have class/struct/union
Chessboard.cpp(39): error C2039: 'squares': is not a member of 'Board'
  c:\users\lenny\documents\visual studio 2015\projects\chess\chess\Board.h(3): note: see declaration of 'Board'
Chessboard.cpp(39): error C2228: left of '.setPiece' must have class/struct/union
Chessboard.cpp(40): error C2039: 'squares': is not a member of 'Board'
  c:\users\lenny\documents\visual studio 2015\projects\chess\chess\Board.h(3): note: see declaration of 'Board'
Chessboard.cpp(40): error C2228: left of '.setPiece' must have class/struct/union
Chessboard.cpp(41): error C2039: 'squares': is not a member of 'Board'
  c:\users\lenny\documents\visual studio 2015\projects\chess\chess\Board.h(3): note: see declaration of 'Board'
Chessboard.cpp(41): error C2228: left of '.setPiece' must have class/struct/union
Chessboard.cpp(75): error C2039: 'squares': is not a member of 'Board'
  c:\users\lenny\documents\visual studio 2015\projects\chess\chess\Board.h(3): note: see declaration of 'Board'
Chessboard.cpp(75): error C2228: left of '.unHighlight' must have class/struct/union
Chessboard.cpp(80): error C2039: 'squares': is not a member of 'Board'
  c:\users\lenny\documents\visual studio 2015\projects\chess\chess\Board.h(3): note: see declaration of 'Board'
Chessboard.cpp(80): error C2228: left of '.highlightSelected' must have class/struct/union
Chessboard.cpp(84): error C2039: 'squares': is not a member of 'Board'
  c:\users\lenny\documents\visual studio 2015\projects\chess\chess\Board.h(3): note: see declaration of 'Board'
Chessboard.cpp(84): error C2228: left of '.getPiece' must have class/struct/union
Chessboard.cpp(99): error C2039: 'squares': is not a member of 'Board'
  c:\users\lenny\documents\visual studio 2015\projects\chess\chess\Board.h(3): note: see declaration of 'Board'
Chessboard.cpp(100): error C3536: 'clickedSquare': cannot be used before it is initialized
Chessboard.cpp(100): error C2664: 'void StateManager::setSelectedSquare(Square *)': cannot convert argument 1 from 'int' to 'Square *'
  Chessboard.cpp(100): note: Conversion from integral type to pointer type requires reinterpret_cast, C-style cast or function-style cast
Chessboard.cpp(105): error C2039: 'squares': is not a member of 'Board'
  c:\users\lenny\documents\visual studio 2015\projects\chess\chess\Board.h(3): note: see declaration of 'Board'
Chessboard.cpp(110): error C3536: 'clickedSquare': cannot be used before it is initialized
Chessboard.cpp(110): error C2664: 'void StateManager::setSelectedSquare(Square *)': cannot convert argument 1 from 'int' to 'Square *'
  Chessboard.cpp(110): note: Conversion from integral type to pointer type requires reinterpret_cast, C-style cast or function-style cast
Chessboard.cpp(129): error C2227: left of '->getPositionwithPosition' must point to class/struct/union/generic type
  Chessboard.cpp(129): note: type is 'int'
Chessboard.cpp(129): error C2228: left of '.getCoordinate' must have class/struct/union
Chessboard.cpp(132): error C2227: left of '->getPositionwithPosition' must point to class/struct/union/generic type
  Chessboard.cpp(132): note: type is 'int'
Chessboard.cpp(132): error C2228: left of '.getCoordinate' must have class/struct/union
Chessboard.cpp(148): error C2227: left of '->getPositionwithPosition' must point to class/struct/union/generic type
  Chessboard.cpp(148): note: type is 'int'
Chessboard.cpp(152): error C2227: left of '->setPiece' must point to class/struct/union/generic type
  Chessboard.cpp(152): note: type is 'int'
Chessboard.cpp(162): error C2664: 'void StateManager::setSelectedSquare(Square *)': cannot convert argument 1 from 'int' to 'Square *'
  Chessboard.cpp(162): note: Conversion from integral type to pointer type requires reinterpret_cast, C-style cast or function-style cast
Chessboard.cpp(183): error C2039: 'squares': is not a member of 'Board'
  c:\users\lenny\documents\visual studio 2015\projects\chess\chess\Board.h(3): note: see declaration of 'Board'
Chessboard.cpp(183): error C2228: left of '.highlightIsLegalMove' must have class/struct/union
  Helper.cpp
c:\users\lenny\documents\visual studio 2015\projects\chess\chess\Board.h(7): error C3646: 'squares': unknown override specifier
c:\users\lenny\documents\visual studio 2015\projects\chess\chess\Board.h(7): error C2143: syntax error: missing ',' before '['
c:\users\lenny\documents\visual studio 2015\projects\chess\chess\Board.h(7): error C4430: missing type specifier - int assumed. Note: C++ does not support default-int
c:\users\lenny\documents\visual studio 2015\projects\chess\chess\Board.h(9): error C2143: syntax error: missing ')' before ';'
c:\users\lenny\documents\visual studio 2015\projects\chess\chess\Board.h(9): error C2143: syntax error: missing ';' before ')'
c:\users\lenny\documents\visual studio 2015\projects\chess\chess\Board.h(9): error C2059: syntax error: ')'
c:\users\lenny\documents\visual studio 2015\projects\chess\chess\Helper.h(11): error C2143: syntax error: missing ';' before '*'
c:\users\lenny\documents\visual studio 2015\projects\chess\chess\Helper.h(11): error C4430: missing type specifier - int assumed. Note: C++ does not support default-int
c:\users\lenny\documents\visual studio 2015\projects\chess\chess\Helper.h(11): error C2334: unexpected token(s) preceding '{'; skipping apparent function body
  King.cpp
c:\users\lenny\documents\visual studio 2015\projects\chess\chess\Board.h(7): error C3646: 'squares': unknown override specifier
c:\users\lenny\documents\visual studio 2015\projects\chess\chess\Board.h(7): error C2143: syntax error: missing ',' before '['
c:\users\lenny\documents\visual studio 2015\projects\chess\chess\Board.h(7): error C4430: missing type specifier - int assumed. Note: C++ does not support default-int
c:\users\lenny\documents\visual studio 2015\projects\chess\chess\Board.h(9): error C2143: syntax error: missing ')' before ';'
c:\users\lenny\documents\visual studio 2015\projects\chess\chess\Board.h(9): error C2143: syntax error: missing ';' before ')'
c:\users\lenny\documents\visual studio 2015\projects\chess\chess\Board.h(9): error C2059: syntax error: ')'
c:\users\lenny\documents\visual studio 2015\projects\chess\chess\Helper.h(11): error C2143: syntax error: missing ';' before '*'
c:\users\lenny\documents\visual studio 2015\projects\chess\chess\Helper.h(11): error C4430: missing type specifier - int assumed. Note: C++ does not support default-int
c:\users\lenny\documents\visual studio 2015\projects\chess\chess\Helper.h(11): error C2334: unexpected token(s) preceding '{'; skipping apparent function body
  Knight.cpp
c:\users\lenny\documents\visual studio 2015\projects\chess\chess\Board.h(7): error C3646: 'squares': unknown override specifier
c:\users\lenny\documents\visual studio 2015\projects\chess\chess\Board.h(7): error C2143: syntax error: missing ',' before '['
c:\users\lenny\documents\visual studio 2015\projects\chess\chess\Board.h(7): error C4430: missing type specifier - int assumed. Note: C++ does not support default-int
c:\users\lenny\documents\visual studio 2015\projects\chess\chess\Board.h(9): error C2143: syntax error: missing ')' before ';'
c:\users\lenny\documents\visual studio 2015\projects\chess\chess\Board.h(9): error C2143: syntax error: missing ';' before ')'
c:\users\lenny\documents\visual studio 2015\projects\chess\chess\Board.h(9): error C2059: syntax error: ')'
c:\users\lenny\documents\visual studio 2015\projects\chess\chess\Helper.h(11): error C2143: syntax error: missing ';' before '*'
c:\users\lenny\documents\visual studio 2015\projects\chess\chess\Helper.h(11): error C4430: missing type specifier - int assumed. Note: C++ does not support default-int
c:\users\lenny\documents\visual studio 2015\projects\chess\chess\Helper.h(11): error C2334: unexpected token(s) preceding '{'; skipping apparent function body
  Pawn.cpp
c:\users\lenny\documents\visual studio 2015\projects\chess\chess\Board.h(7): error C3646: 'squares': unknown override specifier
c:\users\lenny\documents\visual studio 2015\projects\chess\chess\Board.h(7): error C2143: syntax error: missing ',' before '['
c:\users\lenny\documents\visual studio 2015\projects\chess\chess\Board.h(7): error C4430: missing type specifier - int assumed. Note: C++ does not support default-int
c:\users\lenny\documents\visual studio 2015\projects\chess\chess\Board.h(9): error C2143: syntax error: missing ')' before ';'
c:\users\lenny\documents\visual studio 2015\projects\chess\chess\Board.h(9): error C2143: syntax error: missing ';' before ')'
c:\users\lenny\documents\visual studio 2015\projects\chess\chess\Board.h(9): error C2059: syntax error: ')'
c:\users\lenny\documents\visual studio 2015\projects\chess\chess\Helper.h(11): error C2143: syntax error: missing ';' before '*'
c:\users\lenny\documents\visual studio 2015\projects\chess\chess\Helper.h(11): error C4430: missing type specifier - int assumed. Note: C++ does not support default-int
c:\users\lenny\documents\visual studio 2015\projects\chess\chess\Helper.h(11): error C2334: unexpected token(s) preceding '{'; skipping apparent function body
  Piece.cpp
c:\users\lenny\documents\visual studio 2015\projects\chess\chess\Board.h(7): error C3646: 'squares': unknown override specifier
c:\users\lenny\documents\visual studio 2015\projects\chess\chess\Board.h(7): error C2143: syntax error: missing ',' before '['
c:\users\lenny\documents\visual studio 2015\projects\chess\chess\Board.h(7): error C4430: missing type specifier - int assumed. Note: C++ does not support default-int
c:\users\lenny\documents\visual studio 2015\projects\chess\chess\Board.h(9): error C2143: syntax error: missing ')' before ';'
c:\users\lenny\documents\visual studio 2015\projects\chess\chess\Board.h(9): error C2143: syntax error: missing ';' before ')'
c:\users\lenny\documents\visual studio 2015\projects\chess\chess\Board.h(9): error C2059: syntax error: ')'
c:\users\lenny\documents\visual studio 2015\projects\chess\chess\Helper.h(11): error C2143: syntax error: missing ';' before '*'
c:\users\lenny\documents\visual studio 2015\projects\chess\chess\Helper.h(11): error C4430: missing type specifier - int assumed. Note: C++ does not support default-int
c:\users\lenny\documents\visual studio 2015\projects\chess\chess\Helper.h(11): error C2334: unexpected token(s) preceding '{'; skipping apparent function body
Piece.cpp(28): warning C4244: 'argument': conversion from 'int' to 'float', possible loss of data
Piece.cpp(40): warning C4244: 'argument': conversion from 'int' to 'float', possible loss of data
  Player.cpp
c:\users\lenny\documents\visual studio 2015\projects\chess\chess\Board.h(7): error C3646: 'squares': unknown override specifier
c:\users\lenny\documents\visual studio 2015\projects\chess\chess\Board.h(7): error C2143: syntax error: missing ',' before '['
c:\users\lenny\documents\visual studio 2015\projects\chess\chess\Board.h(7): error C4430: missing type specifier - int assumed. Note: C++ does not support default-int
c:\users\lenny\documents\visual studio 2015\projects\chess\chess\Board.h(9): error C2143: syntax error: missing ')' before ';'
c:\users\lenny\documents\visual studio 2015\projects\chess\chess\Board.h(9): error C2143: syntax error: missing ';' before ')'
c:\users\lenny\documents\visual studio 2015\projects\chess\chess\Board.h(9): error C2059: syntax error: ')'
c:\users\lenny\documents\visual studio 2015\projects\chess\chess\Helper.h(11): error C2143: syntax error: missing ';' before '*'
c:\users\lenny\documents\visual studio 2015\projects\chess\chess\Helper.h(11): error C4430: missing type specifier - int assumed. Note: C++ does not support default-int
c:\users\lenny\documents\visual studio 2015\projects\chess\chess\Helper.h(11): error C2334: unexpected token(s) preceding '{'; skipping apparent function body
  Queen.cpp
c:\users\lenny\documents\visual studio 2015\projects\chess\chess\Board.h(7): error C3646: 'squares': unknown override specifier
c:\users\lenny\documents\visual studio 2015\projects\chess\chess\Board.h(7): error C2143: syntax error: missing ',' before '['
c:\users\lenny\documents\visual studio 2015\projects\chess\chess\Board.h(7): error C4430: missing type specifier - int assumed. Note: C++ does not support default-int
c:\users\lenny\documents\visual studio 2015\projects\chess\chess\Board.h(9): error C2143: syntax error: missing ')' before ';'
c:\users\lenny\documents\visual studio 2015\projects\chess\chess\Board.h(9): error C2143: syntax error: missing ';' before ')'
c:\users\lenny\documents\visual studio 2015\projects\chess\chess\Board.h(9): error C2059: syntax error: ')'
c:\users\lenny\documents\visual studio 2015\projects\chess\chess\Helper.h(11): error C2143: syntax error: missing ';' before '*'
c:\users\lenny\documents\visual studio 2015\projects\chess\chess\Helper.h(11): error C4430: missing type specifier - int assumed. Note: C++ does not support default-int
c:\users\lenny\documents\visual studio 2015\projects\chess\chess\Helper.h(11): error C2334: unexpected token(s) preceding '{'; skipping apparent function body
  Rook.cpp
c:\users\lenny\documents\visual studio 2015\projects\chess\chess\Board.h(7): error C3646: 'squares': unknown override specifier
c:\users\lenny\documents\visual studio 2015\projects\chess\chess\Board.h(7): error C2143: syntax error: missing ',' before '['
c:\users\lenny\documents\visual studio 2015\projects\chess\chess\Board.h(7): error C4430: missing type specifier - int assumed. Note: C++ does not support default-int
c:\users\lenny\documents\visual studio 2015\projects\chess\chess\Board.h(9): error C2143: syntax error: missing ')' before ';'
c:\users\lenny\documents\visual studio 2015\projects\chess\chess\Board.h(9): error C2143: syntax error: missing ';' before ')'
c:\users\lenny\documents\visual studio 2015\projects\chess\chess\Board.h(9): error C2059: syntax error: ')'
c:\users\lenny\documents\visual studio 2015\projects\chess\chess\Helper.h(11): error C2143: syntax error: missing ';' before '*'
c:\users\lenny\documents\visual studio 2015\projects\chess\chess\Helper.h(11): error C4430: missing type specifier - int assumed. Note: C++ does not support default-int
c:\users\lenny\documents\visual studio 2015\projects\chess\chess\Helper.h(11): error C2334: unexpected token(s) preceding '{'; skipping apparent function body
  Source.cpp
c:\users\lenny\documents\visual studio 2015\projects\chess\chess\Board.h(7): error C3646: 'squares': unknown override specifier
c:\users\lenny\documents\visual studio 2015\projects\chess\chess\Board.h(7): error C2143: syntax error: missing ',' before '['
c:\users\lenny\documents\visual studio 2015\projects\chess\chess\Board.h(7): error C4430: missing type specifier - int assumed. Note: C++ does not support default-int
c:\users\lenny\documents\visual studio 2015\projects\chess\chess\Board.h(9): error C2143: syntax error: missing ')' before ';'
c:\users\lenny\documents\visual studio 2015\projects\chess\chess\Board.h(9): error C2143: syntax error: missing ';' before ')'
c:\users\lenny\documents\visual studio 2015\projects\chess\chess\Board.h(9): error C2059: syntax error: ')'
c:\users\lenny\documents\visual studio 2015\projects\chess\chess\Helper.h(11): error C2143: syntax error: missing ';' before '*'
c:\users\lenny\documents\visual studio 2015\projects\chess\chess\Helper.h(11): error C4430: missing type specifier - int assumed. Note: C++ does not support default-int
c:\users\lenny\documents\visual studio 2015\projects\chess\chess\Helper.h(11): error C2334: unexpected token(s) preceding '{'; skipping apparent function body
Source.cpp(36): error C2039: 'squares': is not a member of 'Board'
  c:\users\lenny\documents\visual studio 2015\projects\chess\chess\Board.h(3): note: see declaration of 'Board'
Source.cpp(46): error C2039: 'squares': is not a member of 'Board'
  c:\users\lenny\documents\visual studio 2015\projects\chess\chess\Board.h(3): note: see declaration of 'Board'
Source.cpp(46): error C2228: left of '.getPiece' must have class/struct/union
Source.cpp(48): error C2039: 'squares': is not a member of 'Board'
  c:\users\lenny\documents\visual studio 2015\projects\chess\chess\Board.h(3): note: see declaration of 'Board'
Source.cpp(48): error C2228: left of '.getPiece' must have class/struct/union
Source.cpp(48): error C2227: left of '->setFillColor' must point to class/struct/union/generic type
Source.cpp(49): error C2039: 'squares': is not a member of 'Board'
  c:\users\lenny\documents\visual studio 2015\projects\chess\chess\Board.h(3): note: see declaration of 'Board'
Source.cpp(49): error C2228: left of '.getPiece' must have class/struct/union
Source.cpp(50): error C3536: 'j': cannot be used before it is initialized
Source.cpp(50): error C2100: illegal indirection
  Square.cpp
c:\users\lenny\documents\visual studio 2015\projects\chess\chess\Board.h(7): error C3646: 'squares': unknown override specifier
c:\users\lenny\documents\visual studio 2015\projects\chess\chess\Board.h(7): error C2143: syntax error: missing ',' before '['
c:\users\lenny\documents\visual studio 2015\projects\chess\chess\Board.h(7): error C4430: missing type specifier - int assumed. Note: C++ does not support default-int
c:\users\lenny\documents\visual studio 2015\projects\chess\chess\Board.h(9): error C2143: syntax error: missing ')' before ';'
c:\users\lenny\documents\visual studio 2015\projects\chess\chess\Board.h(9): error C2143: syntax error: missing ';' before ')'
c:\users\lenny\documents\visual studio 2015\projects\chess\chess\Board.h(9): error C2059: syntax error: ')'
c:\users\lenny\documents\visual studio 2015\projects\chess\chess\Helper.h(11): error C2143: syntax error: missing ';' before '*'
c:\users\lenny\documents\visual studio 2015\projects\chess\chess\Helper.h(11): error C4430: missing type specifier - int assumed. Note: C++ does not support default-int
c:\users\lenny\documents\visual studio 2015\projects\chess\chess\Helper.h(11): error C2334: unexpected token(s) preceding '{'; skipping apparent function body
  StateManager.cpp
c:\users\lenny\documents\visual studio 2015\projects\chess\chess\Board.h(7): error C3646: 'squares': unknown override specifier
c:\users\lenny\documents\visual studio 2015\projects\chess\chess\Board.h(7): error C2143: syntax error: missing ',' before '['
c:\users\lenny\documents\visual studio 2015\projects\chess\chess\Board.h(7): error C4430: missing type specifier - int assumed. Note: C++ does not support default-int
c:\users\lenny\documents\visual studio 2015\projects\chess\chess\Board.h(9): error C2143: syntax error: missing ')' before ';'
c:\users\lenny\documents\visual studio 2015\projects\chess\chess\Board.h(9): error C2143: syntax error: missing ';' before ')'
c:\users\lenny\documents\visual studio 2015\projects\chess\chess\Board.h(9): error C2059: syntax error: ')'
c:\users\lenny\documents\visual studio 2015\projects\chess\chess\Helper.h(11): error C2143: syntax error: missing ';' before '*'
c:\users\lenny\documents\visual studio 2015\projects\chess\chess\Helper.h(11): error C4430: missing type specifier - int assumed. Note: C++ does not support default-int
c:\users\lenny\documents\visual studio 2015\projects\chess\chess\Helper.h(11): error C2334: unexpected token(s) preceding '{'; skipping apparent function body
  WhitePlayer.cpp
c:\users\lenny\documents\visual studio 2015\projects\chess\chess\Board.h(7): error C3646: 'squares': unknown override specifier
c:\users\lenny\documents\visual studio 2015\projects\chess\chess\Board.h(7): error C2143: syntax error: missing ',' before '['
c:\users\lenny\documents\visual studio 2015\projects\chess\chess\Board.h(7): error C4430: missing type specifier - int assumed. Note: C++ does not support default-int
c:\users\lenny\documents\visual studio 2015\projects\chess\chess\Board.h(9): error C2143: syntax error: missing ')' before ';'
c:\users\lenny\documents\visual studio 2015\projects\chess\chess\Board.h(9): error C2143: syntax error: missing ';' before ')'
c:\users\lenny\documents\visual studio 2015\projects\chess\chess\Board.h(9): error C2059: syntax error: ')'
c:\users\lenny\documents\visual studio 2015\projects\chess\chess\Helper.h(11): error C2143: syntax error: missing ';' before '*'
c:\users\lenny\documents\visual studio 2015\projects\chess\chess\Helper.h(11): error C4430: missing type specifier - int assumed. Note: C++ does not support default-int
c:\users\lenny\documents\visual studio 2015\projects\chess\chess\Helper.h(11): error C2334: unexpected token(s) preceding '{'; skipping apparent function body
  Generating Code...
